<?xml version="1.0" encoding="UTF-8"?>
<!-- Generated by org.testng.reporters.JUnitReportReporter -->
<testsuite hostname="AEADLT07913" failures="0" tests="1" name="com.automation.tests.CheckoutTest" time="5.956" errors="0" timestamp="2024-03-24T00:02:42 GST" skipped="0">
  <testcase classname="com.automation.tests.CheckoutTest" name="checkout" time="5.956"/>
  <system-out>
    <![CDATA[Failed Test case]]>
  </system-out>
</testsuite> <!-- com.automation.tests.CheckoutTest -->
